<?xml version="1.0" encoding="UTF-8"?>
<!-- Generated by org.testng.reporters.JUnitReportReporter -->
<testsuite hostname="DESKTOP-EPTAK7C" failures="0" tests="1" name="test.SoloCabTest" time="83.351" errors="0" timestamp="2023-11-08T16:17:56 IST" skipped="0">
  <testcase classname="test.SoloCabTest" name="Bazar1" time="83.351"/>
  <system-out/>
</testsuite> <!-- test.SoloCabTest -->
